Summary of SPARK analysis
=========================

---------------------------------------------------------------------------------------------------------
SPARK Analysis results        Total        Flow   Interval   CodePeer      Provers   Justified   Unproved
---------------------------------------------------------------------------------------------------------
Data Dependencies                14          14          .          .            .           .          .
Flow Dependencies                 .           .          .          .            .           .          .
Initialization                    .           .          .          .            .           .          .
Non-Aliasing                      .           .          .          .            .           .          .
Run-time Checks                  24           .          .          .    24 (CVC4)           .          .
Assertions                        .           .          .          .            .           .          .
Functional Contracts             16           .          .          .    16 (CVC4)           .          .
LSP Verification                  .           .          .          .            .           .          .
---------------------------------------------------------------------------------------------------------
Total                            54    14 (26%)          .          .     40 (74%)           .          .


max steps used for successful proof: 1

Analyzed 2 units
in unit main, 0 subprograms and packages out of 1 analyzed
  Main at main.adb:4 skipped
in unit nucleartrain, 16 subprograms and packages out of 16 analyzed
  nucleartrain at nucleartrain.ads:3 flow analyzed (0 errors, 0 checks and 0 warnings) and proved (0 checks)
  nucleartrain.Invariant at nucleartrain.ads:47 flow analyzed (0 errors, 0 checks and 0 warnings) and proved (0 checks)
  nucleartrain.addOneCarriage at nucleartrain.ads:72 flow analyzed (0 errors, 0 checks and 0 warnings) and proved (3 checks)
  nucleartrain.initiateReactor at nucleartrain.ads:50 flow analyzed (0 errors, 0 checks and 0 warnings) and proved (2 checks)
  nucleartrain.insertControlRod at nucleartrain.ads:61 flow analyzed (0 errors, 0 checks and 0 warnings) and proved (3 checks)
  nucleartrain.maintenanceReactor at nucleartrain.ads:55 flow analyzed (0 errors, 0 checks and 0 warnings) and proved (2 checks)
  nucleartrain.reactorOnline at nucleartrain.ads:83 flow analyzed (0 errors, 0 checks and 0 warnings) and proved (6 checks)
  nucleartrain.refillWaterSupply at nucleartrain.ads:139 flow analyzed (0 errors, 0 checks and 0 warnings) and proved (2 checks)
  nucleartrain.removeControlRod at nucleartrain.ads:67 flow analyzed (0 errors, 0 checks and 0 warnings) and proved (3 checks)
  nucleartrain.removeOneCarriage at nucleartrain.ads:78 flow analyzed (0 errors, 0 checks and 0 warnings) and proved (3 checks)
  nucleartrain.setTrainMaximumSpeed at nucleartrain.ads:109 flow analyzed (0 errors, 0 checks and 0 warnings) and proved (4 checks)
  nucleartrain.startTrain at nucleartrain.ads:94 flow analyzed (0 errors, 0 checks and 0 warnings) and proved (1 checks)
  nucleartrain.stopTrain at nucleartrain.ads:101 flow analyzed (0 errors, 0 checks and 0 warnings) and proved (1 checks)
  nucleartrain.trainAcceleration at nucleartrain.ads:114 flow analyzed (0 errors, 0 checks and 0 warnings) and proved (3 checks)
  nucleartrain.warnReactorOverheat at nucleartrain.ads:122 flow analyzed (0 errors, 0 checks and 0 warnings) and proved (2 checks)
  nucleartrain.waterCooldownReactor at nucleartrain.ads:130 flow analyzed (0 errors, 0 checks and 0 warnings) and proved (5 checks)
